<?xml version="1.0" encoding="UTF-8"?>
<testng-results skipped="0" failed="0" ignored="0" total="2" passed="2">
  <reporter-output>
  </reporter-output>
  <suite name="Command line suite" duration-ms="152" started-at="2020-12-16T14:55:15 IST" finished-at="2020-12-16T14:55:16 IST">
    <groups>
    </groups>
    <test name="Command line test" duration-ms="152" started-at="2020-12-16T14:55:15 IST" finished-at="2020-12-16T14:55:16 IST">
      <class name="Maven.Mavendummyproject.ManualTest">
        <test-method status="PASS" signature="firsttestcase()[pri:0, instance:Maven.Mavendummyproject.ManualTest@ae45eb6]" name="firsttestcase" duration-ms="12" started-at="2020-12-16T14:55:16 IST" finished-at="2020-12-16T14:55:16 IST">
          <reporter-output>
          </reporter-output>
        </test-method> <!-- firsttestcase -->
      </class> <!-- Maven.Mavendummyproject.ManualTest -->
      <class name="Maven.Mavendummyproject.SeleniumTest">
        <test-method status="PASS" signature="siumtc()[pri:0, instance:Maven.Mavendummyproject.SeleniumTest@59f99ea]" name="siumtc" duration-ms="1" started-at="2020-12-16T14:55:16 IST" finished-at="2020-12-16T14:55:16 IST">
          <reporter-output>
          </reporter-output>
        </test-method> <!-- siumtc -->
      </class> <!-- Maven.Mavendummyproject.SeleniumTest -->
    </test> <!-- Command line test -->
  </suite> <!-- Command line suite -->
</testng-results>
